2022-11-28 11:34:32, SlowOne Read Config Success, path = .//FD.ini, eyeType = 2, result = 0
2022-11-28 11:34:32, SaveData, version=ALG_COM_20191018_v1.0, eyeType=2, isGlass=0, width=640, height=480, color=1, device=14, cal=2, area=3, rough=1, integral=0
2022-11-28 11:34:32, SaveData, glassOnOff=0, rotate=0, deviceOnOff=0, bringht=1, mask=1, debug=0, tripe=1, track=0, down=60, up=90, thd=160, maskTime=5000, maskThd=15
2022-11-28 11:34:32, SaveData, grayThd=40, minGlint=2, outSpot=180, pupilLen=40, pupilThd=2.500000, coef=1.000000, glintW=256, glintH=256, glintB=240, area=15, maxG=150, minG=3
2022-11-28 11:34:32, SaveData, disR=1.000000, disG=100.000000, round=0.360000, re=0.300000, disT=300.000000, glintT=0.000000, blinkMethod=0, blinkThd=3, noPupilThd=1, eyelidNumThd=2, eyelidOffsetThd=6, eyelidDisThd=60, imageSizeType=0, glintSize=128
2022-11-28 15:22:57, SlowOne Read Config Success, path = .//FD.ini, eyeType = 2, result = 0
2022-11-28 15:22:57, SaveData, version=ALG_COM_20191018_v1.0, eyeType=2, isGlass=0, width=640, height=480, color=1, device=14, cal=2, area=3, rough=1, integral=0
2022-11-28 15:22:57, SaveData, glassOnOff=0, rotate=0, deviceOnOff=0, bringht=1, mask=1, debug=0, tripe=1, track=0, down=60, up=90, thd=160, maskTime=5000, maskThd=15
2022-11-28 15:22:57, SaveData, grayThd=40, minGlint=2, outSpot=180, pupilLen=40, pupilThd=2.500000, coef=1.000000, glintW=256, glintH=256, glintB=240, area=15, maxG=150, minG=3
2022-11-28 15:22:57, SaveData, disR=1.000000, disG=100.000000, round=0.360000, re=0.300000, disT=300.000000, glintT=0.000000, blinkMethod=0, blinkThd=3, noPupilThd=1, eyelidNumThd=2, eyelidOffsetThd=6, eyelidDisThd=60, imageSizeType=0, glintSize=128
2022-11-28 15:23:01, SlowOne SetGlassStatus,glass=0,eye=2
2022-11-28 15:23:14, AreaGrowSlowOne Release Start
2022-11-28 15:23:14, AreaGrowSlowOne Release End
2022-11-28 15:23:41, SlowOne Read Config Success, path = .//FD.ini, eyeType = 2, result = 0
2022-11-28 15:23:42, SaveData, version=ALG_COM_20191018_v1.0, eyeType=2, isGlass=0, width=640, height=480, color=1, device=14, cal=2, area=3, rough=1, integral=0
2022-11-28 15:23:42, SaveData, glassOnOff=0, rotate=0, deviceOnOff=0, bringht=1, mask=1, debug=0, tripe=1, track=0, down=60, up=90, thd=160, maskTime=5000, maskThd=15
2022-11-28 15:23:42, SaveData, grayThd=40, minGlint=2, outSpot=180, pupilLen=40, pupilThd=2.500000, coef=1.000000, glintW=256, glintH=256, glintB=240, area=15, maxG=150, minG=3
2022-11-28 15:23:42, SaveData, disR=1.000000, disG=100.000000, round=0.360000, re=0.300000, disT=300.000000, glintT=0.000000, blinkMethod=0, blinkThd=3, noPupilThd=1, eyelidNumThd=2, eyelidOffsetThd=6, eyelidDisThd=60, imageSizeType=0, glintSize=128
2022-11-28 15:23:49, SlowOne SetGlassStatus,glass=0,eye=2
2022-11-28 15:24:06, AreaGrowSlowOne Release Start
2022-11-28 15:24:06, AreaGrowSlowOne Release End
2022-11-28 15:26:16, SlowOne Read Config Success, path = .//FD.ini, eyeType = 2, result = 0
2022-11-28 15:26:16, SaveData, version=ALG_COM_20191018_v1.0, eyeType=2, isGlass=0, width=640, height=480, color=1, device=14, cal=2, area=3, rough=1, integral=0
2022-11-28 15:26:16, SaveData, glassOnOff=0, rotate=0, deviceOnOff=0, bringht=1, mask=1, debug=0, tripe=1, track=0, down=60, up=90, thd=160, maskTime=5000, maskThd=15
2022-11-28 15:26:16, SaveData, grayThd=40, minGlint=2, outSpot=180, pupilLen=40, pupilThd=2.500000, coef=1.000000, glintW=256, glintH=256, glintB=240, area=15, maxG=150, minG=3
2022-11-28 15:26:16, SaveData, disR=1.000000, disG=100.000000, round=0.360000, re=0.300000, disT=300.000000, glintT=0.000000, blinkMethod=0, blinkThd=3, noPupilThd=1, eyelidNumThd=2, eyelidOffsetThd=6, eyelidDisThd=60, imageSizeType=0, glintSize=128
2022-11-28 15:26:21, SlowOne SetGlassStatus,glass=0,eye=2
2022-11-28 15:26:47, AreaGrowSlowOne Release Start
2022-11-28 15:26:47, AreaGrowSlowOne Release End
2022-12-06 21:42:44, SlowOne Read Config Success, path = .//FD.ini, eyeType = 2, result = 0
2022-12-06 21:42:44, SaveData, version=ALG_COM_20191018_v1.0, eyeType=2, isGlass=0, width=640, height=480, color=1, device=14, cal=2, area=3, rough=1, integral=0
2022-12-06 21:42:44, SaveData, glassOnOff=0, rotate=0, deviceOnOff=0, bringht=1, mask=1, debug=0, tripe=1, track=0, down=60, up=90, thd=160, maskTime=5000, maskThd=15
2022-12-06 21:42:44, SaveData, grayThd=40, minGlint=2, outSpot=180, pupilLen=40, pupilThd=2.500000, coef=1.000000, glintW=256, glintH=256, glintB=240, area=15, maxG=150, minG=3
2022-12-06 21:42:44, SaveData, disR=1.000000, disG=100.000000, round=0.360000, re=0.300000, disT=300.000000, glintT=0.000000, blinkMethod=0, blinkThd=3, noPupilThd=1, eyelidNumThd=2, eyelidOffsetThd=6, eyelidDisThd=60, imageSizeType=0, glintSize=128
2022-12-06 21:42:45, SlowOne SetGlassStatus,glass=0,eye=2
2022-12-06 21:43:07, AreaGrowSlowOne Release Start
2022-12-06 21:43:07, AreaGrowSlowOne Release End
2022-12-08 14:09:36, SlowOne Read Config Success, path = .//FD.ini, eyeType = 2, result = 0
2022-12-08 14:09:36, SaveData, version=ALG_COM_20191018_v1.0, eyeType=2, isGlass=0, width=640, height=480, color=1, device=14, cal=2, area=3, rough=1, integral=0
2022-12-08 14:09:36, SaveData, glassOnOff=0, rotate=0, deviceOnOff=0, bringht=1, mask=1, debug=0, tripe=1, track=0, down=60, up=90, thd=160, maskTime=5000, maskThd=15
2022-12-08 14:09:36, SaveData, grayThd=40, minGlint=2, outSpot=180, pupilLen=40, pupilThd=2.500000, coef=1.000000, glintW=256, glintH=256, glintB=240, area=15, maxG=150, minG=3
2022-12-08 14:09:36, SaveData, disR=1.000000, disG=100.000000, round=0.360000, re=0.300000, disT=300.000000, glintT=0.000000, blinkMethod=0, blinkThd=3, noPupilThd=1, eyelidNumThd=2, eyelidOffsetThd=6, eyelidDisThd=60, imageSizeType=0, glintSize=128
2022-12-08 14:09:38, SlowOne SetGlassStatus,glass=0,eye=2
2022-12-08 14:10:20, SlowOne Read Config Success, path = .//FD.ini, eyeType = 2, result = 0
2022-12-08 14:10:20, SaveData, version=ALG_COM_20191018_v1.0, eyeType=2, isGlass=0, width=640, height=480, color=1, device=14, cal=2, area=3, rough=1, integral=0
2022-12-08 14:10:20, SaveData, glassOnOff=0, rotate=0, deviceOnOff=0, bringht=1, mask=1, debug=0, tripe=1, track=0, down=60, up=90, thd=160, maskTime=5000, maskThd=15
2022-12-08 14:10:20, SaveData, grayThd=40, minGlint=2, outSpot=180, pupilLen=40, pupilThd=2.500000, coef=1.000000, glintW=256, glintH=256, glintB=240, area=15, maxG=150, minG=3
2022-12-08 14:10:20, SaveData, disR=1.000000, disG=100.000000, round=0.360000, re=0.300000, disT=300.000000, glintT=0.000000, blinkMethod=0, blinkThd=3, noPupilThd=1, eyelidNumThd=2, eyelidOffsetThd=6, eyelidDisThd=60, imageSizeType=0, glintSize=128
2022-12-08 14:10:22, SlowOne SetGlassStatus,glass=0,eye=2
2022-12-08 14:11:28, SlowOne Read Config Success, path = .//FD.ini, eyeType = 2, result = 0
2022-12-08 14:11:28, SaveData, version=ALG_COM_20191018_v1.0, eyeType=2, isGlass=0, width=640, height=480, color=1, device=14, cal=2, area=3, rough=1, integral=0
2022-12-08 14:11:28, SaveData, glassOnOff=0, rotate=0, deviceOnOff=0, bringht=1, mask=1, debug=0, tripe=1, track=0, down=60, up=90, thd=160, maskTime=5000, maskThd=15
2022-12-08 14:11:28, SaveData, grayThd=40, minGlint=2, outSpot=180, pupilLen=40, pupilThd=2.500000, coef=1.000000, glintW=256, glintH=256, glintB=240, area=15, maxG=150, minG=3
2022-12-08 14:11:28, SaveData, disR=1.000000, disG=100.000000, round=0.360000, re=0.300000, disT=300.000000, glintT=0.000000, blinkMethod=0, blinkThd=3, noPupilThd=1, eyelidNumThd=2, eyelidOffsetThd=6, eyelidDisThd=60, imageSizeType=0, glintSize=128
2022-12-08 14:11:31, SlowOne SetGlassStatus,glass=0,eye=2
2022-12-08 14:12:25, SlowOne Read Config Success, path = .//FD.ini, eyeType = 2, result = 0
2022-12-08 14:12:25, SaveData, version=ALG_COM_20191018_v1.0, eyeType=2, isGlass=0, width=640, height=480, color=1, device=14, cal=2, area=3, rough=1, integral=0
2022-12-08 14:12:25, SaveData, glassOnOff=0, rotate=0, deviceOnOff=0, bringht=1, mask=1, debug=0, tripe=1, track=0, down=60, up=90, thd=160, maskTime=5000, maskThd=15
2022-12-08 14:12:25, SaveData, grayThd=40, minGlint=2, outSpot=180, pupilLen=40, pupilThd=2.500000, coef=1.000000, glintW=256, glintH=256, glintB=240, area=15, maxG=150, minG=3
2022-12-08 14:12:25, SaveData, disR=1.000000, disG=100.000000, round=0.360000, re=0.300000, disT=300.000000, glintT=0.000000, blinkMethod=0, blinkThd=3, noPupilThd=1, eyelidNumThd=2, eyelidOffsetThd=6, eyelidDisThd=60, imageSizeType=0, glintSize=128
2022-12-08 14:12:29, SlowOne SetGlassStatus,glass=0,eye=2
2022-12-08 14:15:06, SlowOne Read Config Success, path = .//FD.ini, eyeType = 2, result = 0
2022-12-08 14:15:06, SaveData, version=ALG_COM_20191018_v1.0, eyeType=2, isGlass=0, width=640, height=480, color=1, device=14, cal=2, area=3, rough=1, integral=0
2022-12-08 14:15:06, SaveData, glassOnOff=0, rotate=0, deviceOnOff=0, bringht=1, mask=1, debug=0, tripe=1, track=0, down=60, up=90, thd=160, maskTime=5000, maskThd=15
2022-12-08 14:15:06, SaveData, grayThd=40, minGlint=2, outSpot=180, pupilLen=40, pupilThd=2.500000, coef=1.000000, glintW=256, glintH=256, glintB=240, area=15, maxG=150, minG=3
2022-12-08 14:15:06, SaveData, disR=1.000000, disG=100.000000, round=0.360000, re=0.300000, disT=300.000000, glintT=0.000000, blinkMethod=0, blinkThd=3, noPupilThd=1, eyelidNumThd=2, eyelidOffsetThd=6, eyelidDisThd=60, imageSizeType=0, glintSize=128
2022-12-08 14:15:08, SlowOne SetGlassStatus,glass=0,eye=2
2022-12-08 14:16:01, SlowOne Read Config Success, path = .//FD.ini, eyeType = 2, result = 0
2022-12-08 14:16:01, SaveData, version=ALG_COM_20191018_v1.0, eyeType=2, isGlass=0, width=640, height=480, color=1, device=14, cal=2, area=3, rough=1, integral=0
2022-12-08 14:16:01, SaveData, glassOnOff=0, rotate=0, deviceOnOff=0, bringht=1, mask=1, debug=0, tripe=1, track=0, down=60, up=90, thd=160, maskTime=5000, maskThd=15
2022-12-08 14:16:01, SaveData, grayThd=40, minGlint=2, outSpot=180, pupilLen=40, pupilThd=2.500000, coef=1.000000, glintW=256, glintH=256, glintB=240, area=15, maxG=150, minG=3
2022-12-08 14:16:01, SaveData, disR=1.000000, disG=100.000000, round=0.360000, re=0.300000, disT=300.000000, glintT=0.000000, blinkMethod=0, blinkThd=3, noPupilThd=1, eyelidNumThd=2, eyelidOffsetThd=6, eyelidDisThd=60, imageSizeType=0, glintSize=128
2022-12-08 14:16:04, SlowOne SetGlassStatus,glass=0,eye=2
2022-12-08 14:16:46, AreaGrowSlowOne Release Start
2022-12-08 14:16:46, AreaGrowSlowOne Release End
2022-12-08 14:16:53, SlowOne Read Config Success, path = .//FD.ini, eyeType = 2, result = 0
2022-12-08 14:16:53, SaveData, version=ALG_COM_20191018_v1.0, eyeType=2, isGlass=0, width=640, height=480, color=1, device=14, cal=2, area=3, rough=1, integral=0
2022-12-08 14:16:53, SaveData, glassOnOff=0, rotate=0, deviceOnOff=0, bringht=1, mask=1, debug=0, tripe=1, track=0, down=60, up=90, thd=160, maskTime=5000, maskThd=15
2022-12-08 14:16:53, SaveData, grayThd=40, minGlint=2, outSpot=180, pupilLen=40, pupilThd=2.500000, coef=1.000000, glintW=256, glintH=256, glintB=240, area=15, maxG=150, minG=3
2022-12-08 14:16:53, SaveData, disR=1.000000, disG=100.000000, round=0.360000, re=0.300000, disT=300.000000, glintT=0.000000, blinkMethod=0, blinkThd=3, noPupilThd=1, eyelidNumThd=2, eyelidOffsetThd=6, eyelidDisThd=60, imageSizeType=0, glintSize=128
2022-12-08 14:16:59, SlowOne SetGlassStatus,glass=0,eye=2
2022-12-08 14:24:23, SlowOne Read Config Success, path = .//FD.ini, eyeType = 2, result = 0
2022-12-08 14:24:23, SaveData, version=ALG_COM_20191018_v1.0, eyeType=2, isGlass=0, width=640, height=480, color=1, device=14, cal=2, area=3, rough=1, integral=0
2022-12-08 14:24:23, SaveData, glassOnOff=0, rotate=0, deviceOnOff=0, bringht=1, mask=1, debug=0, tripe=1, track=0, down=60, up=90, thd=160, maskTime=5000, maskThd=15
2022-12-08 14:24:23, SaveData, grayThd=40, minGlint=2, outSpot=180, pupilLen=40, pupilThd=2.500000, coef=1.000000, glintW=256, glintH=256, glintB=240, area=15, maxG=150, minG=3
2022-12-08 14:24:23, SaveData, disR=1.000000, disG=100.000000, round=0.360000, re=0.300000, disT=300.000000, glintT=0.000000, blinkMethod=0, blinkThd=3, noPupilThd=1, eyelidNumThd=2, eyelidOffsetThd=6, eyelidDisThd=60, imageSizeType=0, glintSize=128
2022-12-08 14:24:25, SlowOne SetGlassStatus,glass=0,eye=2
2022-12-08 14:25:01, AreaGrowSlowOne Release Start
2022-12-08 14:25:01, AreaGrowSlowOne Release End
2022-12-08 14:25:10, SlowOne Read Config Success, path = .//FD.ini, eyeType = 2, result = 0
2022-12-08 14:25:10, SaveData, version=ALG_COM_20191018_v1.0, eyeType=2, isGlass=0, width=640, height=480, color=1, device=14, cal=2, area=3, rough=1, integral=0
2022-12-08 14:25:10, SaveData, glassOnOff=0, rotate=0, deviceOnOff=0, bringht=1, mask=1, debug=0, tripe=1, track=0, down=60, up=90, thd=160, maskTime=5000, maskThd=15
2022-12-08 14:25:10, SaveData, grayThd=40, minGlint=2, outSpot=180, pupilLen=40, pupilThd=2.500000, coef=1.000000, glintW=256, glintH=256, glintB=240, area=15, maxG=150, minG=3
2022-12-08 14:25:10, SaveData, disR=1.000000, disG=100.000000, round=0.360000, re=0.300000, disT=300.000000, glintT=0.000000, blinkMethod=0, blinkThd=3, noPupilThd=1, eyelidNumThd=2, eyelidOffsetThd=6, eyelidDisThd=60, imageSizeType=0, glintSize=128
2022-12-08 14:25:13, SlowOne SetGlassStatus,glass=0,eye=2
2022-12-08 14:26:09, AreaGrowSlowOne Release Start
2022-12-08 14:26:09, AreaGrowSlowOne Release End
2022-12-08 14:26:14, SlowOne Read Config Success, path = .//FD.ini, eyeType = 2, result = 0
2022-12-08 14:26:14, SaveData, version=ALG_COM_20191018_v1.0, eyeType=2, isGlass=0, width=640, height=480, color=1, device=14, cal=2, area=3, rough=1, integral=0
2022-12-08 14:26:14, SaveData, glassOnOff=0, rotate=0, deviceOnOff=0, bringht=1, mask=1, debug=0, tripe=1, track=0, down=60, up=90, thd=160, maskTime=5000, maskThd=15
2022-12-08 14:26:14, SaveData, grayThd=40, minGlint=2, outSpot=180, pupilLen=40, pupilThd=2.500000, coef=1.000000, glintW=256, glintH=256, glintB=240, area=15, maxG=150, minG=3
2022-12-08 14:26:14, SaveData, disR=1.000000, disG=100.000000, round=0.360000, re=0.300000, disT=300.000000, glintT=0.000000, blinkMethod=0, blinkThd=3, noPupilThd=1, eyelidNumThd=2, eyelidOffsetThd=6, eyelidDisThd=60, imageSizeType=0, glintSize=128
2022-12-08 14:26:15, SlowOne SetGlassStatus,glass=0,eye=2
2022-12-08 14:26:50, AreaGrowSlowOne Release Start
2022-12-08 14:26:50, AreaGrowSlowOne Release End
2022-12-08 14:27:20, SlowOne Read Config Success, path = .//FD.ini, eyeType = 2, result = 0
2022-12-08 14:27:20, SaveData, version=ALG_COM_20191018_v1.0, eyeType=2, isGlass=0, width=640, height=480, color=1, device=14, cal=2, area=3, rough=1, integral=0
2022-12-08 14:27:20, SaveData, glassOnOff=0, rotate=0, deviceOnOff=0, bringht=1, mask=1, debug=0, tripe=1, track=0, down=60, up=90, thd=160, maskTime=5000, maskThd=15
2022-12-08 14:27:20, SaveData, grayThd=40, minGlint=2, outSpot=180, pupilLen=40, pupilThd=2.500000, coef=1.000000, glintW=256, glintH=256, glintB=240, area=15, maxG=150, minG=3
2022-12-08 14:27:20, SaveData, disR=1.000000, disG=100.000000, round=0.360000, re=0.300000, disT=300.000000, glintT=0.000000, blinkMethod=0, blinkThd=3, noPupilThd=1, eyelidNumThd=2, eyelidOffsetThd=6, eyelidDisThd=60, imageSizeType=0, glintSize=128
2022-12-08 14:27:22, SlowOne SetGlassStatus,glass=0,eye=2
2022-12-08 14:37:38, SlowOne Read Config Success, path = .//FD.ini, eyeType = 2, result = 0
2022-12-08 14:37:38, SaveData, version=ALG_COM_20191018_v1.0, eyeType=2, isGlass=0, width=640, height=480, color=1, device=14, cal=2, area=3, rough=1, integral=0
2022-12-08 14:37:38, SaveData, glassOnOff=0, rotate=0, deviceOnOff=0, bringht=1, mask=1, debug=0, tripe=1, track=0, down=60, up=90, thd=160, maskTime=5000, maskThd=15
2022-12-08 14:37:38, SaveData, grayThd=40, minGlint=2, outSpot=180, pupilLen=40, pupilThd=2.500000, coef=1.000000, glintW=256, glintH=256, glintB=240, area=15, maxG=150, minG=3
2022-12-08 14:37:38, SaveData, disR=1.000000, disG=100.000000, round=0.360000, re=0.300000, disT=300.000000, glintT=0.000000, blinkMethod=0, blinkThd=3, noPupilThd=1, eyelidNumThd=2, eyelidOffsetThd=6, eyelidDisThd=60, imageSizeType=0, glintSize=128
2022-12-08 14:37:39, SlowOne SetGlassStatus,glass=0,eye=2
2022-12-08 14:37:52, SlowOne Read Config Success, path = .//FD.ini, eyeType = 2, result = 0
2022-12-08 14:37:52, SaveData, version=ALG_COM_20191018_v1.0, eyeType=2, isGlass=0, width=640, height=480, color=1, device=14, cal=2, area=3, rough=1, integral=0
2022-12-08 14:37:52, SaveData, glassOnOff=0, rotate=0, deviceOnOff=0, bringht=1, mask=1, debug=0, tripe=1, track=0, down=60, up=90, thd=160, maskTime=5000, maskThd=15
2022-12-08 14:37:52, SaveData, grayThd=40, minGlint=2, outSpot=180, pupilLen=40, pupilThd=2.500000, coef=1.000000, glintW=256, glintH=256, glintB=240, area=15, maxG=150, minG=3
2022-12-08 14:37:52, SaveData, disR=1.000000, disG=100.000000, round=0.360000, re=0.300000, disT=300.000000, glintT=0.000000, blinkMethod=0, blinkThd=3, noPupilThd=1, eyelidNumThd=2, eyelidOffsetThd=6, eyelidDisThd=60, imageSizeType=0, glintSize=128
2022-12-08 14:37:53, SlowOne SetGlassStatus,glass=0,eye=2
2022-12-08 14:38:43, SlowOne Read Config Success, path = .//FD.ini, eyeType = 2, result = 0
2022-12-08 14:38:43, SaveData, version=ALG_COM_20191018_v1.0, eyeType=2, isGlass=0, width=640, height=480, color=1, device=14, cal=2, area=3, rough=1, integral=0
2022-12-08 14:38:43, SaveData, glassOnOff=0, rotate=0, deviceOnOff=0, bringht=1, mask=1, debug=0, tripe=1, track=0, down=60, up=90, thd=160, maskTime=5000, maskThd=15
2022-12-08 14:38:43, SaveData, grayThd=40, minGlint=2, outSpot=180, pupilLen=40, pupilThd=2.500000, coef=1.000000, glintW=256, glintH=256, glintB=240, area=15, maxG=150, minG=3
2022-12-08 14:38:43, SaveData, disR=1.000000, disG=100.000000, round=0.360000, re=0.300000, disT=300.000000, glintT=0.000000, blinkMethod=0, blinkThd=3, noPupilThd=1, eyelidNumThd=2, eyelidOffsetThd=6, eyelidDisThd=60, imageSizeType=0, glintSize=128
2022-12-08 14:38:45, SlowOne SetGlassStatus,glass=0,eye=2
2022-12-08 14:41:38, SlowOne Read Config Success, path = .//FD.ini, eyeType = 2, result = 0
2022-12-08 14:41:38, SaveData, version=ALG_COM_20191018_v1.0, eyeType=2, isGlass=0, width=640, height=480, color=1, device=14, cal=2, area=3, rough=1, integral=0
2022-12-08 14:41:38, SaveData, glassOnOff=0, rotate=0, deviceOnOff=0, bringht=1, mask=1, debug=0, tripe=1, track=0, down=60, up=90, thd=160, maskTime=5000, maskThd=15
2022-12-08 14:41:38, SaveData, grayThd=40, minGlint=2, outSpot=180, pupilLen=40, pupilThd=2.500000, coef=1.000000, glintW=256, glintH=256, glintB=240, area=15, maxG=150, minG=3
2022-12-08 14:41:38, SaveData, disR=1.000000, disG=100.000000, round=0.360000, re=0.300000, disT=300.000000, glintT=0.000000, blinkMethod=0, blinkThd=3, noPupilThd=1, eyelidNumThd=2, eyelidOffsetThd=6, eyelidDisThd=60, imageSizeType=0, glintSize=128
2022-12-08 14:41:41, SlowOne SetGlassStatus,glass=0,eye=2
2022-12-08 14:42:28, SlowOne Read Config Success, path = .//FD.ini, eyeType = 2, result = 0
2022-12-08 14:42:28, SaveData, version=ALG_COM_20191018_v1.0, eyeType=2, isGlass=0, width=640, height=480, color=1, device=14, cal=2, area=3, rough=1, integral=0
2022-12-08 14:42:28, SaveData, glassOnOff=0, rotate=0, deviceOnOff=0, bringht=1, mask=1, debug=0, tripe=1, track=0, down=60, up=90, thd=160, maskTime=5000, maskThd=15
2022-12-08 14:42:28, SaveData, grayThd=40, minGlint=2, outSpot=180, pupilLen=40, pupilThd=2.500000, coef=1.000000, glintW=256, glintH=256, glintB=240, area=15, maxG=150, minG=3
2022-12-08 14:42:28, SaveData, disR=1.000000, disG=100.000000, round=0.360000, re=0.300000, disT=300.000000, glintT=0.000000, blinkMethod=0, blinkThd=3, noPupilThd=1, eyelidNumThd=2, eyelidOffsetThd=6, eyelidDisThd=60, imageSizeType=0, glintSize=128
2022-12-08 14:42:30, SlowOne SetGlassStatus,glass=0,eye=2
2022-12-08 14:42:55, SlowOne Read Config Success, path = .//FD.ini, eyeType = 2, result = 0
2022-12-08 14:42:55, SaveData, version=ALG_COM_20191018_v1.0, eyeType=2, isGlass=0, width=640, height=480, color=1, device=14, cal=2, area=3, rough=1, integral=0
2022-12-08 14:42:55, SaveData, glassOnOff=0, rotate=0, deviceOnOff=0, bringht=1, mask=1, debug=0, tripe=1, track=0, down=60, up=90, thd=160, maskTime=5000, maskThd=15
2022-12-08 14:42:56, SaveData, grayThd=40, minGlint=2, outSpot=180, pupilLen=40, pupilThd=2.500000, coef=1.000000, glintW=256, glintH=256, glintB=240, area=15, maxG=150, minG=3
2022-12-08 14:42:56, SaveData, disR=1.000000, disG=100.000000, round=0.360000, re=0.300000, disT=300.000000, glintT=0.000000, blinkMethod=0, blinkThd=3, noPupilThd=1, eyelidNumThd=2, eyelidOffsetThd=6, eyelidDisThd=60, imageSizeType=0, glintSize=128
2022-12-08 14:42:59, SlowOne SetGlassStatus,glass=0,eye=2
2022-12-08 14:43:37, SlowOne Read Config Success, path = .//FD.ini, eyeType = 2, result = 0
2022-12-08 14:43:37, SaveData, version=ALG_COM_20191018_v1.0, eyeType=2, isGlass=0, width=640, height=480, color=1, device=14, cal=2, area=3, rough=1, integral=0
2022-12-08 14:43:37, SaveData, glassOnOff=0, rotate=0, deviceOnOff=0, bringht=1, mask=1, debug=0, tripe=1, track=0, down=60, up=90, thd=160, maskTime=5000, maskThd=15
2022-12-08 14:43:37, SaveData, grayThd=40, minGlint=2, outSpot=180, pupilLen=40, pupilThd=2.500000, coef=1.000000, glintW=256, glintH=256, glintB=240, area=15, maxG=150, minG=3
2022-12-08 14:43:37, SaveData, disR=1.000000, disG=100.000000, round=0.360000, re=0.300000, disT=300.000000, glintT=0.000000, blinkMethod=0, blinkThd=3, noPupilThd=1, eyelidNumThd=2, eyelidOffsetThd=6, eyelidDisThd=60, imageSizeType=0, glintSize=128
2022-12-08 14:43:42, SlowOne SetGlassStatus,glass=0,eye=2
2022-12-08 14:44:20, SlowOne Read Config Success, path = .//FD.ini, eyeType = 2, result = 0
2022-12-08 14:44:20, SaveData, version=ALG_COM_20191018_v1.0, eyeType=2, isGlass=0, width=640, height=480, color=1, device=14, cal=2, area=3, rough=1, integral=0
2022-12-08 14:44:20, SaveData, glassOnOff=0, rotate=0, deviceOnOff=0, bringht=1, mask=1, debug=0, tripe=1, track=0, down=60, up=90, thd=160, maskTime=5000, maskThd=15
2022-12-08 14:44:20, SaveData, grayThd=40, minGlint=2, outSpot=180, pupilLen=40, pupilThd=2.500000, coef=1.000000, glintW=256, glintH=256, glintB=240, area=15, maxG=150, minG=3
2022-12-08 14:44:20, SaveData, disR=1.000000, disG=100.000000, round=0.360000, re=0.300000, disT=300.000000, glintT=0.000000, blinkMethod=0, blinkThd=3, noPupilThd=1, eyelidNumThd=2, eyelidOffsetThd=6, eyelidDisThd=60, imageSizeType=0, glintSize=128
2022-12-08 14:44:23, SlowOne SetGlassStatus,glass=0,eye=2
2022-12-08 14:45:08, SlowOne Read Config Success, path = .//FD.ini, eyeType = 2, result = 0
2022-12-08 14:45:08, SaveData, version=ALG_COM_20191018_v1.0, eyeType=2, isGlass=0, width=640, height=480, color=1, device=14, cal=2, area=3, rough=1, integral=0
2022-12-08 14:45:08, SaveData, glassOnOff=0, rotate=0, deviceOnOff=0, bringht=1, mask=1, debug=0, tripe=1, track=0, down=60, up=90, thd=160, maskTime=5000, maskThd=15
2022-12-08 14:45:08, SaveData, grayThd=40, minGlint=2, outSpot=180, pupilLen=40, pupilThd=2.500000, coef=1.000000, glintW=256, glintH=256, glintB=240, area=15, maxG=150, minG=3
2022-12-08 14:45:08, SaveData, disR=1.000000, disG=100.000000, round=0.360000, re=0.300000, disT=300.000000, glintT=0.000000, blinkMethod=0, blinkThd=3, noPupilThd=1, eyelidNumThd=2, eyelidOffsetThd=6, eyelidDisThd=60, imageSizeType=0, glintSize=128
2022-12-08 14:45:31, SlowOne SetGlassStatus,glass=0,eye=2
2022-12-08 14:45:44, AreaGrowSlowOne Release Start
2022-12-08 14:45:44, AreaGrowSlowOne Release End
2022-12-08 14:45:48, SlowOne Read Config Success, path = .//FD.ini, eyeType = 2, result = 0
2022-12-08 14:45:48, SaveData, version=ALG_COM_20191018_v1.0, eyeType=2, isGlass=0, width=640, height=480, color=1, device=14, cal=2, area=3, rough=1, integral=0
2022-12-08 14:45:48, SaveData, glassOnOff=0, rotate=0, deviceOnOff=0, bringht=1, mask=1, debug=0, tripe=1, track=0, down=60, up=90, thd=160, maskTime=5000, maskThd=15
2022-12-08 14:45:48, SaveData, grayThd=40, minGlint=2, outSpot=180, pupilLen=40, pupilThd=2.500000, coef=1.000000, glintW=256, glintH=256, glintB=240, area=15, maxG=150, minG=3
2022-12-08 14:45:48, SaveData, disR=1.000000, disG=100.000000, round=0.360000, re=0.300000, disT=300.000000, glintT=0.000000, blinkMethod=0, blinkThd=3, noPupilThd=1, eyelidNumThd=2, eyelidOffsetThd=6, eyelidDisThd=60, imageSizeType=0, glintSize=128
2022-12-08 14:45:50, SlowOne SetGlassStatus,glass=0,eye=2
2022-12-08 14:46:28, AreaGrowSlowOne Release Start
2022-12-08 14:46:28, AreaGrowSlowOne Release End
2022-12-08 14:48:22, SlowOne Read Config Success, path = .//FD.ini, eyeType = 2, result = 0
2022-12-08 14:48:22, SaveData, version=ALG_COM_20191018_v1.0, eyeType=2, isGlass=0, width=640, height=480, color=1, device=14, cal=2, area=3, rough=1, integral=0
2022-12-08 14:48:22, SaveData, glassOnOff=0, rotate=0, deviceOnOff=0, bringht=1, mask=1, debug=0, tripe=1, track=0, down=60, up=90, thd=160, maskTime=5000, maskThd=15
2022-12-08 14:48:22, SaveData, grayThd=40, minGlint=2, outSpot=180, pupilLen=40, pupilThd=2.500000, coef=1.000000, glintW=256, glintH=256, glintB=240, area=15, maxG=150, minG=3
2022-12-08 14:48:22, SaveData, disR=1.000000, disG=100.000000, round=0.360000, re=0.300000, disT=300.000000, glintT=0.000000, blinkMethod=0, blinkThd=3, noPupilThd=1, eyelidNumThd=2, eyelidOffsetThd=6, eyelidDisThd=60, imageSizeType=0, glintSize=128
2022-12-08 14:48:53, SlowOne SetGlassStatus,glass=0,eye=2
2022-12-08 14:50:48, SlowOne Read Config Success, path = .//FD.ini, eyeType = 2, result = 0
2022-12-08 14:50:48, SaveData, version=ALG_COM_20191018_v1.0, eyeType=2, isGlass=0, width=640, height=480, color=1, device=14, cal=2, area=3, rough=1, integral=0
2022-12-08 14:50:48, SaveData, glassOnOff=0, rotate=0, deviceOnOff=0, bringht=1, mask=1, debug=0, tripe=1, track=0, down=60, up=90, thd=160, maskTime=5000, maskThd=15
2022-12-08 14:50:48, SaveData, grayThd=40, minGlint=2, outSpot=180, pupilLen=40, pupilThd=2.500000, coef=1.000000, glintW=256, glintH=256, glintB=240, area=15, maxG=150, minG=3
2022-12-08 14:50:48, SaveData, disR=1.000000, disG=100.000000, round=0.360000, re=0.300000, disT=300.000000, glintT=0.000000, blinkMethod=0, blinkThd=3, noPupilThd=1, eyelidNumThd=2, eyelidOffsetThd=6, eyelidDisThd=60, imageSizeType=0, glintSize=128
2022-12-08 14:50:50, SlowOne SetGlassStatus,glass=0,eye=2
2022-12-08 14:52:16, SlowOne Read Config Success, path = .//FD.ini, eyeType = 2, result = 0
2022-12-08 14:52:16, SaveData, version=ALG_COM_20191018_v1.0, eyeType=2, isGlass=0, width=640, height=480, color=1, device=14, cal=2, area=3, rough=1, integral=0
2022-12-08 14:52:16, SaveData, glassOnOff=0, rotate=0, deviceOnOff=0, bringht=1, mask=1, debug=0, tripe=1, track=0, down=60, up=90, thd=160, maskTime=5000, maskThd=15
2022-12-08 14:52:16, SaveData, grayThd=40, minGlint=2, outSpot=180, pupilLen=40, pupilThd=2.500000, coef=1.000000, glintW=256, glintH=256, glintB=240, area=15, maxG=150, minG=3
2022-12-08 14:52:16, SaveData, disR=1.000000, disG=100.000000, round=0.360000, re=0.300000, disT=300.000000, glintT=0.000000, blinkMethod=0, blinkThd=3, noPupilThd=1, eyelidNumThd=2, eyelidOffsetThd=6, eyelidDisThd=60, imageSizeType=0, glintSize=128
2022-12-08 14:53:50, SlowOne SetGlassStatus,glass=0,eye=2
2022-12-08 14:55:56, SlowOne Read Config Success, path = .//FD.ini, eyeType = 2, result = 0
2022-12-08 14:55:56, SaveData, version=ALG_COM_20191018_v1.0, eyeType=2, isGlass=0, width=640, height=480, color=1, device=14, cal=2, area=3, rough=1, integral=0
2022-12-08 14:55:56, SaveData, glassOnOff=0, rotate=0, deviceOnOff=0, bringht=1, mask=1, debug=0, tripe=1, track=0, down=60, up=90, thd=160, maskTime=5000, maskThd=15
2022-12-08 14:55:56, SaveData, grayThd=40, minGlint=2, outSpot=180, pupilLen=40, pupilThd=2.500000, coef=1.000000, glintW=256, glintH=256, glintB=240, area=15, maxG=150, minG=3
2022-12-08 14:55:56, SaveData, disR=1.000000, disG=100.000000, round=0.360000, re=0.300000, disT=300.000000, glintT=0.000000, blinkMethod=0, blinkThd=3, noPupilThd=1, eyelidNumThd=2, eyelidOffsetThd=6, eyelidDisThd=60, imageSizeType=0, glintSize=128
2022-12-08 14:55:59, SlowOne SetGlassStatus,glass=0,eye=2
2022-12-08 14:58:59, SlowOne Read Config Success, path = .//FD.ini, eyeType = 2, result = 0
2022-12-08 14:58:59, SaveData, version=ALG_COM_20191018_v1.0, eyeType=2, isGlass=0, width=640, height=480, color=1, device=14, cal=2, area=3, rough=1, integral=0
2022-12-08 14:58:59, SaveData, glassOnOff=0, rotate=0, deviceOnOff=0, bringht=1, mask=1, debug=0, tripe=1, track=0, down=60, up=90, thd=160, maskTime=5000, maskThd=15
2022-12-08 14:58:59, SaveData, grayThd=40, minGlint=2, outSpot=180, pupilLen=40, pupilThd=2.500000, coef=1.000000, glintW=256, glintH=256, glintB=240, area=15, maxG=150, minG=3
2022-12-08 14:58:59, SaveData, disR=1.000000, disG=100.000000, round=0.360000, re=0.300000, disT=300.000000, glintT=0.000000, blinkMethod=0, blinkThd=3, noPupilThd=1, eyelidNumThd=2, eyelidOffsetThd=6, eyelidDisThd=60, imageSizeType=0, glintSize=128
2022-12-08 14:59:00, AreaGrowSlowOne Release Start
2022-12-08 14:59:00, AreaGrowSlowOne Release End
2022-12-08 14:59:23, SlowOne Read Config Success, path = .//FD.ini, eyeType = 2, result = 0
2022-12-08 14:59:23, SaveData, version=ALG_COM_20191018_v1.0, eyeType=2, isGlass=0, width=640, height=480, color=1, device=14, cal=2, area=3, rough=1, integral=0
2022-12-08 14:59:23, SaveData, glassOnOff=0, rotate=0, deviceOnOff=0, bringht=1, mask=1, debug=0, tripe=1, track=0, down=60, up=90, thd=160, maskTime=5000, maskThd=15
2022-12-08 14:59:23, SaveData, grayThd=40, minGlint=2, outSpot=180, pupilLen=40, pupilThd=2.500000, coef=1.000000, glintW=256, glintH=256, glintB=240, area=15, maxG=150, minG=3
2022-12-08 14:59:23, SaveData, disR=1.000000, disG=100.000000, round=0.360000, re=0.300000, disT=300.000000, glintT=0.000000, blinkMethod=0, blinkThd=3, noPupilThd=1, eyelidNumThd=2, eyelidOffsetThd=6, eyelidDisThd=60, imageSizeType=0, glintSize=128
2022-12-08 14:59:25, SlowOne SetGlassStatus,glass=0,eye=2
2022-12-08 15:02:04, SlowOne Read Config Success, path = .//FD.ini, eyeType = 2, result = 0
2022-12-08 15:02:04, SaveData, version=ALG_COM_20191018_v1.0, eyeType=2, isGlass=0, width=640, height=480, color=1, device=14, cal=2, area=3, rough=1, integral=0
2022-12-08 15:02:04, SaveData, glassOnOff=0, rotate=0, deviceOnOff=0, bringht=1, mask=1, debug=0, tripe=1, track=0, down=60, up=90, thd=160, maskTime=5000, maskThd=15
2022-12-08 15:02:04, SaveData, grayThd=40, minGlint=2, outSpot=180, pupilLen=40, pupilThd=2.500000, coef=1.000000, glintW=256, glintH=256, glintB=240, area=15, maxG=150, minG=3
2022-12-08 15:02:04, SaveData, disR=1.000000, disG=100.000000, round=0.360000, re=0.300000, disT=300.000000, glintT=0.000000, blinkMethod=0, blinkThd=3, noPupilThd=1, eyelidNumThd=2, eyelidOffsetThd=6, eyelidDisThd=60, imageSizeType=0, glintSize=128
2022-12-08 15:02:07, SlowOne SetGlassStatus,glass=0,eye=2
2022-12-08 15:05:16, AreaGrowSlowOne Release Start
2022-12-08 15:05:16, AreaGrowSlowOne Release End
2022-12-08 15:05:59, SlowOne Read Config Success, path = .//FD.ini, eyeType = 2, result = 0
2022-12-08 15:05:59, SaveData, version=ALG_COM_20191018_v1.0, eyeType=2, isGlass=0, width=640, height=480, color=1, device=14, cal=2, area=3, rough=1, integral=0
2022-12-08 15:05:59, SaveData, glassOnOff=0, rotate=0, deviceOnOff=0, bringht=1, mask=1, debug=0, tripe=1, track=0, down=60, up=90, thd=160, maskTime=5000, maskThd=15
2022-12-08 15:05:59, SaveData, grayThd=40, minGlint=2, outSpot=180, pupilLen=40, pupilThd=2.500000, coef=1.000000, glintW=256, glintH=256, glintB=240, area=15, maxG=150, minG=3
2022-12-08 15:05:59, SaveData, disR=1.000000, disG=100.000000, round=0.360000, re=0.300000, disT=300.000000, glintT=0.000000, blinkMethod=0, blinkThd=3, noPupilThd=1, eyelidNumThd=2, eyelidOffsetThd=6, eyelidDisThd=60, imageSizeType=0, glintSize=128
2022-12-08 15:06:43, SlowOne SetGlassStatus,glass=0,eye=2
2022-12-08 15:07:19, AreaGrowSlowOne Release Start
2022-12-08 15:07:19, AreaGrowSlowOne Release End
2022-12-08 15:08:26, SlowOne Read Config Success, path = .//FD.ini, eyeType = 2, result = 0
2022-12-08 15:08:26, SaveData, version=ALG_COM_20191018_v1.0, eyeType=2, isGlass=0, width=640, height=480, color=1, device=14, cal=2, area=3, rough=1, integral=0
2022-12-08 15:08:26, SaveData, glassOnOff=0, rotate=0, deviceOnOff=0, bringht=1, mask=1, debug=0, tripe=1, track=0, down=60, up=90, thd=160, maskTime=5000, maskThd=15
2022-12-08 15:08:26, SaveData, grayThd=40, minGlint=2, outSpot=180, pupilLen=40, pupilThd=2.500000, coef=1.000000, glintW=256, glintH=256, glintB=240, area=15, maxG=150, minG=3
2022-12-08 15:08:26, SaveData, disR=1.000000, disG=100.000000, round=0.360000, re=0.300000, disT=300.000000, glintT=0.000000, blinkMethod=0, blinkThd=3, noPupilThd=1, eyelidNumThd=2, eyelidOffsetThd=6, eyelidDisThd=60, imageSizeType=0, glintSize=128
2022-12-08 15:08:38, SlowOne SetGlassStatus,glass=0,eye=2
2022-12-08 15:09:17, SlowOne Read Config Success, path = .//FD.ini, eyeType = 2, result = 0
2022-12-08 15:09:17, SaveData, version=ALG_COM_20191018_v1.0, eyeType=2, isGlass=0, width=640, height=480, color=1, device=14, cal=2, area=3, rough=1, integral=0
2022-12-08 15:09:17, SaveData, glassOnOff=0, rotate=0, deviceOnOff=0, bringht=1, mask=1, debug=0, tripe=1, track=0, down=60, up=90, thd=160, maskTime=5000, maskThd=15
2022-12-08 15:09:17, SaveData, grayThd=40, minGlint=2, outSpot=180, pupilLen=40, pupilThd=2.500000, coef=1.000000, glintW=256, glintH=256, glintB=240, area=15, maxG=150, minG=3
2022-12-08 15:09:17, SaveData, disR=1.000000, disG=100.000000, round=0.360000, re=0.300000, disT=300.000000, glintT=0.000000, blinkMethod=0, blinkThd=3, noPupilThd=1, eyelidNumThd=2, eyelidOffsetThd=6, eyelidDisThd=60, imageSizeType=0, glintSize=128
2022-12-08 15:09:20, SlowOne SetGlassStatus,glass=0,eye=2
2022-12-08 15:09:36, SlowOne Read Config Success, path = .//FD.ini, eyeType = 2, result = 0
2022-12-08 15:09:36, SaveData, version=ALG_COM_20191018_v1.0, eyeType=2, isGlass=0, width=640, height=480, color=1, device=14, cal=2, area=3, rough=1, integral=0
2022-12-08 15:09:36, SaveData, glassOnOff=0, rotate=0, deviceOnOff=0, bringht=1, mask=1, debug=0, tripe=1, track=0, down=60, up=90, thd=160, maskTime=5000, maskThd=15
2022-12-08 15:09:36, SaveData, grayThd=40, minGlint=2, outSpot=180, pupilLen=40, pupilThd=2.500000, coef=1.000000, glintW=256, glintH=256, glintB=240, area=15, maxG=150, minG=3
2022-12-08 15:09:36, SaveData, disR=1.000000, disG=100.000000, round=0.360000, re=0.300000, disT=300.000000, glintT=0.000000, blinkMethod=0, blinkThd=3, noPupilThd=1, eyelidNumThd=2, eyelidOffsetThd=6, eyelidDisThd=60, imageSizeType=0, glintSize=128
2022-12-08 15:09:38, SlowOne SetGlassStatus,glass=0,eye=2
2022-12-08 15:43:04, SlowOne Read Config Success, path = .//FD.ini, eyeType = 2, result = 0
2022-12-08 15:43:04, SaveData, version=ALG_COM_20191018_v1.0, eyeType=2, isGlass=0, width=640, height=480, color=1, device=14, cal=2, area=3, rough=1, integral=0
2022-12-08 15:43:04, SaveData, glassOnOff=0, rotate=0, deviceOnOff=0, bringht=1, mask=1, debug=0, tripe=1, track=0, down=60, up=90, thd=160, maskTime=5000, maskThd=15
2022-12-08 15:43:04, SaveData, grayThd=40, minGlint=2, outSpot=180, pupilLen=40, pupilThd=2.500000, coef=1.000000, glintW=256, glintH=256, glintB=240, area=15, maxG=150, minG=3
2022-12-08 15:43:04, SaveData, disR=1.000000, disG=100.000000, round=0.360000, re=0.300000, disT=300.000000, glintT=0.000000, blinkMethod=0, blinkThd=3, noPupilThd=1, eyelidNumThd=2, eyelidOffsetThd=6, eyelidDisThd=60, imageSizeType=0, glintSize=128
2022-12-08 15:43:07, SlowOne SetGlassStatus,glass=0,eye=2
2022-12-08 15:44:16, SlowOne Read Config Success, path = .//FD.ini, eyeType = 2, result = 0
2022-12-08 15:44:16, SaveData, version=ALG_COM_20191018_v1.0, eyeType=2, isGlass=0, width=640, height=480, color=1, device=14, cal=2, area=3, rough=1, integral=0
2022-12-08 15:44:16, SaveData, glassOnOff=0, rotate=0, deviceOnOff=0, bringht=1, mask=1, debug=0, tripe=1, track=0, down=60, up=90, thd=160, maskTime=5000, maskThd=15
2022-12-08 15:44:16, SaveData, grayThd=40, minGlint=2, outSpot=180, pupilLen=40, pupilThd=2.500000, coef=1.000000, glintW=256, glintH=256, glintB=240, area=15, maxG=150, minG=3
2022-12-08 15:44:16, SaveData, disR=1.000000, disG=100.000000, round=0.360000, re=0.300000, disT=300.000000, glintT=0.000000, blinkMethod=0, blinkThd=3, noPupilThd=1, eyelidNumThd=2, eyelidOffsetThd=6, eyelidDisThd=60, imageSizeType=0, glintSize=128
2022-12-08 15:44:21, SlowOne SetGlassStatus,glass=0,eye=2
2022-12-08 15:45:30, SlowOne Read Config Success, path = .//FD.ini, eyeType = 2, result = 0
2022-12-08 15:45:30, SaveData, version=ALG_COM_20191018_v1.0, eyeType=2, isGlass=0, width=640, height=480, color=1, device=14, cal=2, area=3, rough=1, integral=0
2022-12-08 15:45:30, SaveData, glassOnOff=0, rotate=0, deviceOnOff=0, bringht=1, mask=1, debug=0, tripe=1, track=0, down=60, up=90, thd=160, maskTime=5000, maskThd=15
2022-12-08 15:45:30, SaveData, grayThd=40, minGlint=2, outSpot=180, pupilLen=40, pupilThd=2.500000, coef=1.000000, glintW=256, glintH=256, glintB=240, area=15, maxG=150, minG=3
2022-12-08 15:45:30, SaveData, disR=1.000000, disG=100.000000, round=0.360000, re=0.300000, disT=300.000000, glintT=0.000000, blinkMethod=0, blinkThd=3, noPupilThd=1, eyelidNumThd=2, eyelidOffsetThd=6, eyelidDisThd=60, imageSizeType=0, glintSize=128
2022-12-08 15:45:32, SlowOne SetGlassStatus,glass=0,eye=2
2022-12-08 15:52:37, SlowOne Read Config Success, path = .//FD.ini, eyeType = 2, result = 0
2022-12-08 15:52:37, SaveData, version=ALG_COM_20191018_v1.0, eyeType=2, isGlass=0, width=640, height=480, color=1, device=14, cal=2, area=3, rough=1, integral=0
2022-12-08 15:52:37, SaveData, glassOnOff=0, rotate=0, deviceOnOff=0, bringht=1, mask=1, debug=0, tripe=1, track=0, down=60, up=90, thd=160, maskTime=5000, maskThd=15
2022-12-08 15:52:37, SaveData, grayThd=40, minGlint=2, outSpot=180, pupilLen=40, pupilThd=2.500000, coef=1.000000, glintW=256, glintH=256, glintB=240, area=15, maxG=150, minG=3
2022-12-08 15:52:37, SaveData, disR=1.000000, disG=100.000000, round=0.360000, re=0.300000, disT=300.000000, glintT=0.000000, blinkMethod=0, blinkThd=3, noPupilThd=1, eyelidNumThd=2, eyelidOffsetThd=6, eyelidDisThd=60, imageSizeType=0, glintSize=128
2022-12-08 15:52:39, SlowOne SetGlassStatus,glass=0,eye=2
2022-12-08 15:52:51, AreaGrowSlowOne Release Start
2022-12-08 15:52:51, AreaGrowSlowOne Release End
2022-12-08 15:53:42, SlowOne Read Config Success, path = .//FD.ini, eyeType = 2, result = 0
2022-12-08 15:53:42, SaveData, version=ALG_COM_20191018_v1.0, eyeType=2, isGlass=0, width=640, height=480, color=1, device=14, cal=2, area=3, rough=1, integral=0
2022-12-08 15:53:42, SaveData, glassOnOff=0, rotate=0, deviceOnOff=0, bringht=1, mask=1, debug=0, tripe=1, track=0, down=60, up=90, thd=160, maskTime=5000, maskThd=15
2022-12-08 15:53:42, SaveData, grayThd=40, minGlint=2, outSpot=180, pupilLen=40, pupilThd=2.500000, coef=1.000000, glintW=256, glintH=256, glintB=240, area=15, maxG=150, minG=3
2022-12-08 15:53:42, SaveData, disR=1.000000, disG=100.000000, round=0.360000, re=0.300000, disT=300.000000, glintT=0.000000, blinkMethod=0, blinkThd=3, noPupilThd=1, eyelidNumThd=2, eyelidOffsetThd=6, eyelidDisThd=60, imageSizeType=0, glintSize=128
2022-12-08 15:53:45, SlowOne SetGlassStatus,glass=0,eye=2
2022-12-08 15:55:44, SlowOne Read Config Success, path = .//FD.ini, eyeType = 2, result = 0
2022-12-08 15:55:44, SaveData, version=ALG_COM_20191018_v1.0, eyeType=2, isGlass=0, width=640, height=480, color=1, device=14, cal=2, area=3, rough=1, integral=0
2022-12-08 15:55:44, SaveData, glassOnOff=0, rotate=0, deviceOnOff=0, bringht=1, mask=1, debug=0, tripe=1, track=0, down=60, up=90, thd=160, maskTime=5000, maskThd=15
2022-12-08 15:55:44, SaveData, grayThd=40, minGlint=2, outSpot=180, pupilLen=40, pupilThd=2.500000, coef=1.000000, glintW=256, glintH=256, glintB=240, area=15, maxG=150, minG=3
2022-12-08 15:55:44, SaveData, disR=1.000000, disG=100.000000, round=0.360000, re=0.300000, disT=300.000000, glintT=0.000000, blinkMethod=0, blinkThd=3, noPupilThd=1, eyelidNumThd=2, eyelidOffsetThd=6, eyelidDisThd=60, imageSizeType=0, glintSize=128
2022-12-08 15:55:45, SlowOne SetGlassStatus,glass=0,eye=2
2022-12-08 15:55:52, AreaGrowSlowOne Release Start
2022-12-08 15:55:52, AreaGrowSlowOne Release End
2022-12-08 15:56:46, SlowOne Read Config Success, path = .//FD.ini, eyeType = 2, result = 0
2022-12-08 15:56:46, SaveData, version=ALG_COM_20191018_v1.0, eyeType=2, isGlass=0, width=640, height=480, color=1, device=14, cal=2, area=3, rough=1, integral=0
2022-12-08 15:56:46, SaveData, glassOnOff=0, rotate=0, deviceOnOff=0, bringht=1, mask=1, debug=0, tripe=1, track=0, down=60, up=90, thd=160, maskTime=5000, maskThd=15
2022-12-08 15:56:46, SaveData, grayThd=40, minGlint=2, outSpot=180, pupilLen=40, pupilThd=2.500000, coef=1.000000, glintW=256, glintH=256, glintB=240, area=15, maxG=150, minG=3
2022-12-08 15:56:46, SaveData, disR=1.000000, disG=100.000000, round=0.360000, re=0.300000, disT=300.000000, glintT=0.000000, blinkMethod=0, blinkThd=3, noPupilThd=1, eyelidNumThd=2, eyelidOffsetThd=6, eyelidDisThd=60, imageSizeType=0, glintSize=128
2022-12-08 15:56:49, SlowOne SetGlassStatus,glass=0,eye=2
2022-12-08 15:56:53, AreaGrowSlowOne Release Start
2022-12-08 15:56:53, AreaGrowSlowOne Release End
2022-12-08 15:57:16, SlowOne Read Config Success, path = .//FD.ini, eyeType = 2, result = 0
2022-12-08 15:57:16, SaveData, version=ALG_COM_20191018_v1.0, eyeType=2, isGlass=0, width=640, height=480, color=1, device=14, cal=2, area=3, rough=1, integral=0
2022-12-08 15:57:16, SaveData, glassOnOff=0, rotate=0, deviceOnOff=0, bringht=1, mask=1, debug=0, tripe=1, track=0, down=60, up=90, thd=160, maskTime=5000, maskThd=15
2022-12-08 15:57:16, SaveData, grayThd=40, minGlint=2, outSpot=180, pupilLen=40, pupilThd=2.500000, coef=1.000000, glintW=256, glintH=256, glintB=240, area=15, maxG=150, minG=3
2022-12-08 15:57:16, SaveData, disR=1.000000, disG=100.000000, round=0.360000, re=0.300000, disT=300.000000, glintT=0.000000, blinkMethod=0, blinkThd=3, noPupilThd=1, eyelidNumThd=2, eyelidOffsetThd=6, eyelidDisThd=60, imageSizeType=0, glintSize=128
2022-12-08 15:57:18, SlowOne SetGlassStatus,glass=0,eye=2
2022-12-08 16:08:20, SlowOne Read Config Success, path = .//FD.ini, eyeType = 2, result = 0
2022-12-08 16:08:20, SaveData, version=ALG_COM_20191018_v1.0, eyeType=2, isGlass=0, width=640, height=480, color=1, device=14, cal=2, area=3, rough=1, integral=0
2022-12-08 16:08:20, SaveData, glassOnOff=0, rotate=0, deviceOnOff=0, bringht=1, mask=1, debug=0, tripe=1, track=0, down=60, up=90, thd=160, maskTime=5000, maskThd=15
2022-12-08 16:08:20, SaveData, grayThd=40, minGlint=2, outSpot=180, pupilLen=40, pupilThd=2.500000, coef=1.000000, glintW=256, glintH=256, glintB=240, area=15, maxG=150, minG=3
2022-12-08 16:08:20, SaveData, disR=1.000000, disG=100.000000, round=0.360000, re=0.300000, disT=300.000000, glintT=0.000000, blinkMethod=0, blinkThd=3, noPupilThd=1, eyelidNumThd=2, eyelidOffsetThd=6, eyelidDisThd=60, imageSizeType=0, glintSize=128
2022-12-08 16:19:11, SlowOne SetGlassStatus,glass=0,eye=2
2022-12-08 16:19:17, AreaGrowSlowOne Release Start
2022-12-08 16:19:17, AreaGrowSlowOne Release End
